<?xml version="1.0" encoding="UTF-8"?>
<!-- Generated by org.testng.reporters.JUnitReportReporter -->
<testsuite hostname="Naira" failures="0" tests="2" name="kellyAndAssociates.PostRequest" time="3.008" errors="0" timestamp="2023-08-23T21:08:19 EDT" skipped="0">
  <testcase classname="kellyAndAssociates.PostRequest" name="postRequest1" time="2.940"/>
  <system-out/>
  <testcase classname="kellyAndAssociates.PostRequest" name="postRequest2" time="0.068"/>
  <system-out/>
</testsuite> <!-- kellyAndAssociates.PostRequest -->
