<?xml version="1.0" encoding="UTF-8"?>
<!-- Generated by org.testng.reporters.JUnitReportReporter -->
<testsuite hostname="Naira" failures="0" tests="1" name="todo.Interviewexcersises.NewTest" time="15.513" errors="0" timestamp="2023-03-30T13:03:27 EDT" skipped="0">
  <testcase classname="todo.Interviewexcersises.NewTest" name="test1" time="15.513"/>
  <system-out/>
</testsuite> <!-- todo.Interviewexcersises.NewTest -->
